android/app/build/intermediates/manifest_merge_blame_file/release/manifest-merger-blame-release-report.txt
1<?xml version="1.0" encoding="utf-8"?>
2<manifest xmlns:android="http://schemas.android.com/apk/res/android"
3    package="com.newproject"
4    android:versionCode="1"
5    android:versionName="1.0" >
6
7    <uses-sdk
8        android:minSdkVersion="21"
8-->src/main/AndroidManifest.xml
9        android:targetSdkVersion="33" />
9-->src/main/AndroidManifest.xml
10
11    <uses-permission android:name="android.permission.INTERNET" />
11-->src/main/AndroidManifest.xml:3:5-67
11-->src/main/AndroidManifest.xml:3:22-64
12    <uses-permission android:name="android.permission.ACCESS_NETWORK_STATE" />
12-->src/main/AndroidManifest.xml:4:5-79
12-->src/main/AndroidManifest.xml:4:22-76
13    <uses-permission android:name="android.permission.CAMERA" />
13-->src/main/AndroidManifest.xml:5:5-65
13-->src/main/AndroidManifest.xml:5:22-62
14    <uses-permission android:name="android.permission.ACCESS_FINE_LOCATION" />
14-->src/main/AndroidManifest.xml:6:5-79
14-->src/main/AndroidManifest.xml:6:22-76
15    <uses-permission android:name="android.permission.READ_EXTERNAL_STORAGE" />
15-->src/main/AndroidManifest.xml:7:5-80
15-->src/main/AndroidManifest.xml:7:22-77
16    <uses-permission android:name="android.permission.WRITE_EXTERNAL_STORAGE" />
16-->src/main/AndroidManifest.xml:8:5-81
16-->src/main/AndroidManifest.xml:8:22-78
17
18    <uses-feature
18-->[:react-native-camera] AndroidManifest.xml:9:5-11:36
19        android:name="android.hardware.camera"
19-->[:react-native-camera] AndroidManifest.xml:10:9-47
20        android:required="false" />
20-->[:react-native-camera] AndroidManifest.xml:11:9-33
21    <uses-feature
21-->[:react-native-camera] AndroidManifest.xml:12:5-14:36
22        android:name="android.hardware.camera.autofocus"
22-->[:react-native-camera] AndroidManifest.xml:13:9-57
23        android:required="false" />
23-->[:react-native-camera] AndroidManifest.xml:14:9-33
24
25    <application
25-->src/main/AndroidManifest.xml:10:5-30:19
26        android:name="com.newproject.MainApplication"
26-->src/main/AndroidManifest.xml:11:7-38
27        android:allowBackup="false"
27-->src/main/AndroidManifest.xml:15:7-34
28        android:appComponentFactory="androidx.core.app.CoreComponentFactory"
28-->[androidx.core:core:1.8.0] AndroidManifest.xml:24:18-86
29        android:icon="@mipmap/ic_launcher"
29-->src/main/AndroidManifest.xml:13:7-41
30        android:label="@string/app_name"
30-->src/main/AndroidManifest.xml:12:7-39
31        android:roundIcon="@mipmap/ic_launcher_round"
31-->src/main/AndroidManifest.xml:14:7-52
32        android:theme="@style/AppTheme"
32-->src/main/AndroidManifest.xml:17:7-38
33        android:usesCleartextTraffic="true" >
33-->src/main/AndroidManifest.xml:16:7-42
34        <activity
34-->src/main/AndroidManifest.xml:18:7-29:18
35            android:name="com.newproject.MainActivity"
35-->src/main/AndroidManifest.xml:19:9-37
36            android:configChanges="keyboard|keyboardHidden|orientation|screenLayout|screenSize|smallestScreenSize|uiMode"
36-->src/main/AndroidManifest.xml:21:9-118
37            android:exported="true"
37-->src/main/AndroidManifest.xml:24:9-32
38            android:label="@string/app_name"
38-->src/main/AndroidManifest.xml:20:9-41
39            android:launchMode="singleTask"
39-->src/main/AndroidManifest.xml:22:9-40
40            android:windowSoftInputMode="adjustResize" >
40-->src/main/AndroidManifest.xml:23:9-51
41            <intent-filter>
41-->src/main/AndroidManifest.xml:25:9-28:25
42                <action android:name="android.intent.action.MAIN" />
42-->src/main/AndroidManifest.xml:26:13-65
42-->src/main/AndroidManifest.xml:26:21-62
43
44                <category android:name="android.intent.category.LAUNCHER" />
44-->src/main/AndroidManifest.xml:27:13-73
44-->src/main/AndroidManifest.xml:27:23-70
45            </intent-filter>
46        </activity>
47
48        <service
48-->[com.google.android.gms:play-services-mlkit-text-recognition:16.3.0] AndroidManifest.xml:9:9-15:19
49            android:name="com.google.mlkit.common.internal.MlKitComponentDiscoveryService"
49-->[com.google.android.gms:play-services-mlkit-text-recognition:16.3.0] AndroidManifest.xml:10:13-91
50            android:directBootAware="true"
50-->[com.google.mlkit:common:17.2.0] AndroidManifest.xml:17:13-43
51            android:exported="false" >
51-->[com.google.android.gms:play-services-mlkit-text-recognition:16.3.0] AndroidManifest.xml:11:13-37
52            <meta-data
52-->[com.google.android.gms:play-services-mlkit-text-recognition:16.3.0] AndroidManifest.xml:12:13-14:85
53                android:name="com.google.firebase.components:com.google.mlkit.vision.text.internal.TextRegistrar"
53-->[com.google.android.gms:play-services-mlkit-text-recognition:16.3.0] AndroidManifest.xml:13:17-114
54                android:value="com.google.firebase.components.ComponentRegistrar" />
54-->[com.google.android.gms:play-services-mlkit-text-recognition:16.3.0] AndroidManifest.xml:14:17-82
55            <meta-data
55-->[com.google.android.gms:play-services-mlkit-barcode-scanning:16.2.0] AndroidManifest.xml:12:13-14:85
56                android:name="com.google.firebase.components:com.google.mlkit.vision.barcode.internal.BarcodeRegistrar"
56-->[com.google.android.gms:play-services-mlkit-barcode-scanning:16.2.0] AndroidManifest.xml:13:17-120
57                android:value="com.google.firebase.components.ComponentRegistrar" />
57-->[com.google.android.gms:play-services-mlkit-barcode-scanning:16.2.0] AndroidManifest.xml:14:17-82
58            <meta-data
58-->[com.google.android.gms:play-services-mlkit-face-detection:16.2.0] AndroidManifest.xml:12:13-14:85
59                android:name="com.google.firebase.components:com.google.mlkit.vision.face.internal.FaceRegistrar"
59-->[com.google.android.gms:play-services-mlkit-face-detection:16.2.0] AndroidManifest.xml:13:17-114
60                android:value="com.google.firebase.components.ComponentRegistrar" />
60-->[com.google.android.gms:play-services-mlkit-face-detection:16.2.0] AndroidManifest.xml:14:17-82
61            <meta-data
61-->[com.google.mlkit:vision-common:16.5.0] AndroidManifest.xml:12:13-14:85
62                android:name="com.google.firebase.components:com.google.mlkit.vision.common.internal.VisionCommonRegistrar"
62-->[com.google.mlkit:vision-common:16.5.0] AndroidManifest.xml:13:17-124
63                android:value="com.google.firebase.components.ComponentRegistrar" />
63-->[com.google.mlkit:vision-common:16.5.0] AndroidManifest.xml:14:17-82
64            <meta-data
64-->[com.google.mlkit:common:17.2.0] AndroidManifest.xml:20:13-22:85
65                android:name="com.google.firebase.components:com.google.mlkit.common.internal.CommonComponentRegistrar"
65-->[com.google.mlkit:common:17.2.0] AndroidManifest.xml:21:17-120
66                android:value="com.google.firebase.components.ComponentRegistrar" />
66-->[com.google.mlkit:common:17.2.0] AndroidManifest.xml:22:17-82
67        </service>
68
69        <provider
69-->[com.google.mlkit:common:17.2.0] AndroidManifest.xml:9:9-13:38
70            android:name="com.google.mlkit.common.internal.MlKitInitProvider"
70-->[com.google.mlkit:common:17.2.0] AndroidManifest.xml:10:13-78
71            android:authorities="com.newproject.mlkitinitprovider"
71-->[com.google.mlkit:common:17.2.0] AndroidManifest.xml:11:13-69
72            android:exported="false"
72-->[com.google.mlkit:common:17.2.0] AndroidManifest.xml:12:13-37
73            android:initOrder="99" />
73-->[com.google.mlkit:common:17.2.0] AndroidManifest.xml:13:13-35
74
75        <activity
75-->[com.google.android.gms:play-services-base:18.1.0] AndroidManifest.xml:20:9-22:45
76            android:name="com.google.android.gms.common.api.GoogleApiActivity"
76-->[com.google.android.gms:play-services-base:18.1.0] AndroidManifest.xml:20:19-85
77            android:exported="false"
77-->[com.google.android.gms:play-services-base:18.1.0] AndroidManifest.xml:22:19-43
78            android:theme="@android:style/Theme.Translucent.NoTitleBar" />
78-->[com.google.android.gms:play-services-base:18.1.0] AndroidManifest.xml:21:19-78
79
80        <meta-data
80-->[com.google.android.gms:play-services-basement:18.1.0] AndroidManifest.xml:21:9-23:69
81            android:name="com.google.android.gms.version"
81-->[com.google.android.gms:play-services-basement:18.1.0] AndroidManifest.xml:22:13-58
82            android:value="@integer/google_play_services_version" />
82-->[com.google.android.gms:play-services-basement:18.1.0] AndroidManifest.xml:23:13-66
83
84        <provider
84-->[androidx.emoji2:emoji2:1.0.0] AndroidManifest.xml:26:9-34:20
85            android:name="androidx.startup.InitializationProvider"
85-->[androidx.emoji2:emoji2:1.0.0] AndroidManifest.xml:27:13-67
86            android:authorities="com.newproject.androidx-startup"
86-->[androidx.emoji2:emoji2:1.0.0] AndroidManifest.xml:28:13-68
87            android:exported="false" >
87-->[androidx.emoji2:emoji2:1.0.0] AndroidManifest.xml:29:13-37
88            <meta-data
88-->[androidx.emoji2:emoji2:1.0.0] AndroidManifest.xml:31:13-33:52
89                android:name="androidx.emoji2.text.EmojiCompatInitializer"
89-->[androidx.emoji2:emoji2:1.0.0] AndroidManifest.xml:32:17-75
90                android:value="androidx.startup" />
90-->[androidx.emoji2:emoji2:1.0.0] AndroidManifest.xml:33:17-49
91            <meta-data
91-->[androidx.lifecycle:lifecycle-process:2.4.0] AndroidManifest.xml:31:13-33:52
92                android:name="androidx.lifecycle.ProcessLifecycleInitializer"
92-->[androidx.lifecycle:lifecycle-process:2.4.0] AndroidManifest.xml:32:17-78
93                android:value="androidx.startup" />
93-->[androidx.lifecycle:lifecycle-process:2.4.0] AndroidManifest.xml:33:17-49
94        </provider>
95
96        <meta-data
96-->[com.facebook.soloader:soloader:0.10.5] AndroidManifest.xml:12:9-14:37
97            android:name="com.facebook.soloader.enabled"
97-->[com.facebook.soloader:soloader:0.10.5] AndroidManifest.xml:13:13-57
98            android:value="false" />
98-->[com.facebook.soloader:soloader:0.10.5] AndroidManifest.xml:14:13-34
99
100        <service
100-->[com.google.android.datatransport:transport-backend-cct:2.3.3] AndroidManifest.xml:29:9-35:19
101            android:name="com.google.android.datatransport.runtime.backends.TransportBackendDiscovery"
101-->[com.google.android.datatransport:transport-backend-cct:2.3.3] AndroidManifest.xml:30:13-103
102            android:exported="false" >
102-->[com.google.android.datatransport:transport-backend-cct:2.3.3] AndroidManifest.xml:31:13-37
103            <meta-data
103-->[com.google.android.datatransport:transport-backend-cct:2.3.3] AndroidManifest.xml:32:13-34:39
104                android:name="backend:com.google.android.datatransport.cct.CctBackendFactory"
104-->[com.google.android.datatransport:transport-backend-cct:2.3.3] AndroidManifest.xml:33:17-94
105                android:value="cct" />
105-->[com.google.android.datatransport:transport-backend-cct:2.3.3] AndroidManifest.xml:34:17-36
106        </service>
107        <service
107-->[com.google.android.datatransport:transport-runtime:2.2.6] AndroidManifest.xml:26:9-30:19
108            android:name="com.google.android.datatransport.runtime.scheduling.jobscheduling.JobInfoSchedulerService"
108-->[com.google.android.datatransport:transport-runtime:2.2.6] AndroidManifest.xml:27:13-117
109            android:exported="false"
109-->[com.google.android.datatransport:transport-runtime:2.2.6] AndroidManifest.xml:28:13-37
110            android:permission="android.permission.BIND_JOB_SERVICE" >
110-->[com.google.android.datatransport:transport-runtime:2.2.6] AndroidManifest.xml:29:13-69
111        </service>
112
113        <receiver
113-->[com.google.android.datatransport:transport-runtime:2.2.6] AndroidManifest.xml:32:9-34:40
114            android:name="com.google.android.datatransport.runtime.scheduling.jobscheduling.AlarmManagerSchedulerBroadcastReceiver"
114-->[com.google.android.datatransport:transport-runtime:2.2.6] AndroidManifest.xml:33:13-132
115            android:exported="false" />
115-->[com.google.android.datatransport:transport-runtime:2.2.6] AndroidManifest.xml:34:13-37
116    </application>
117
118</manifest>